30/11/2018,18:16:34:597 spdLicense: Verificando se precisa baixar a licença: 0
30/11/2018,18:16:34:617 spdLicenseAdapter: Tentativa 1 de 2
30/11/2018,18:16:34:619 spdLicenseAdapter: Validando a licença.
30/11/2018,18:16:34:621 spdLicense: Verificando se precisa baixar a licença: 0
30/11/2018,18:16:34:622 spdLicense: Verificando se baixou a licença hoje: 0
30/11/2018,18:16:34:623 spdLicense: Obtendo Código.
30/11/2018,18:16:34:624 spdLicense: Código da licença não obtido. Tentando obter o código novamente.
30/11/2018,18:16:34:625 spdClienteLicense: Fazendo a requisição para o servidor com os parâmetros: CNPJ=82373077000171 
 PRODUTO=0000000053 
 VERSAO=4.1.23.5299
30/11/2018,18:16:35:810 spdClienteLicense: Verificando se o servidor retornou a licença corretamente.
30/11/2018,18:16:35:812 spdClienteLicense: Código retornado: 49594
30/11/2018,18:16:35:814 spdLicense: Código obtido: 49594
30/11/2018,18:16:35:817 spdClienteLicense: Fazendo a requisição para o servidor com os parâmetros: LICENCA=49594
30/11/2018,18:16:36:975 spdLicense: Resultado da requisição gravada no License.dat: 7<730<3003$6=3=~xny6INFJ_NHC+X%%J'ojn6:>$:9$9;:3'`nr6::?2;?9:;''ojnnehdon68;$::$9;:3w
30/11/2018,18:16:36:977 spdLicense: Validando o arquivo.
30/11/2018,18:16:36:979 spdLicense: Verificando a hash.
30/11/2018,18:16:36:980 spdLicense: Verificando a data
30/11/2018,18:16:36:983 spdLicenseAdapter: Licença validada com sucesso.
30/11/2018,18:24:54:432 spdLicense: Verificando se precisa baixar a licença: 0
30/11/2018,18:24:54:434 spdLicenseAdapter: Tentativa 1 de 2
30/11/2018,18:24:54:434 spdLicenseAdapter: Validando a licença.
30/11/2018,18:24:54:435 spdLicense: Verificando se precisa baixar a licença: 0
30/11/2018,18:24:54:436 spdLicense: Verificando se baixou a licença hoje: -1
30/11/2018,18:24:54:437 spdLicense: Validando o arquivo.
30/11/2018,18:24:54:438 spdLicense: Verificando a hash.
30/11/2018,18:24:54:438 spdLicense: Verificando a data
30/11/2018,18:24:54:439 spdLicenseAdapter: Licença validada com sucesso.
30/11/2018,18:28:21:951 spdLicense: Verificando se precisa baixar a licença: 0
30/11/2018,18:28:21:953 spdLicenseAdapter: Tentativa 1 de 2
30/11/2018,18:28:21:953 spdLicenseAdapter: Validando a licença.
30/11/2018,18:28:21:954 spdLicense: Verificando se precisa baixar a licença: 0
30/11/2018,18:28:21:955 spdLicense: Verificando se baixou a licença hoje: -1
30/11/2018,18:28:21:955 spdLicense: Validando o arquivo.
30/11/2018,18:28:21:956 spdLicense: Verificando a hash.
30/11/2018,18:28:21:957 spdLicense: Verificando a data
30/11/2018,18:28:21:958 spdLicenseAdapter: Licença validada com sucesso.
30/11/2018,18:30:03:487 spdLicense: Verificando se precisa baixar a licença: 0
30/11/2018,18:30:03:489 spdLicenseAdapter: Tentativa 1 de 2
30/11/2018,18:30:03:490 spdLicenseAdapter: Validando a licença.
30/11/2018,18:30:03:491 spdLicense: Verificando se precisa baixar a licença: 0
30/11/2018,18:30:03:492 spdLicense: Verificando se baixou a licença hoje: -1
30/11/2018,18:30:03:492 spdLicense: Validando o arquivo.
30/11/2018,18:30:03:494 spdLicense: Verificando a hash.
30/11/2018,18:30:03:494 spdLicense: Verificando a data
30/11/2018,18:30:03:494 spdLicenseAdapter: Licença validada com sucesso.
30/11/2018,18:33:51:982 spdLicense: Verificando se precisa baixar a licença: 0
30/11/2018,18:33:51:984 spdLicenseAdapter: Tentativa 1 de 2
30/11/2018,18:33:51:984 spdLicenseAdapter: Validando a licença.
30/11/2018,18:33:51:985 spdLicense: Verificando se precisa baixar a licença: 0
30/11/2018,18:33:51:986 spdLicense: Verificando se baixou a licença hoje: -1
30/11/2018,18:33:51:986 spdLicense: Validando o arquivo.
30/11/2018,18:33:51:988 spdLicense: Verificando a hash.
30/11/2018,18:33:51:988 spdLicense: Verificando a data
30/11/2018,18:33:51:989 spdLicenseAdapter: Licença validada com sucesso.
30/11/2018,20:14:00:512 spdLicense: Verificando se precisa baixar a licença: 0
30/11/2018,20:14:00:514 spdLicenseAdapter: Tentativa 1 de 2
30/11/2018,20:14:00:515 spdLicenseAdapter: Validando a licença.
30/11/2018,20:14:00:515 spdLicense: Verificando se precisa baixar a licença: 0
30/11/2018,20:14:00:516 spdLicense: Verificando se baixou a licença hoje: -1
30/11/2018,20:14:00:517 spdLicense: Validando o arquivo.
30/11/2018,20:14:00:518 spdLicense: Verificando a hash.
30/11/2018,20:14:00:519 spdLicense: Verificando a data
30/11/2018,20:14:00:520 spdLicenseAdapter: Licença validada com sucesso.
30/11/2018,20:15:01:683 spdLicense: Verificando se precisa baixar a licença: 0
30/11/2018,20:15:01:686 spdLicenseAdapter: Tentativa 1 de 2
30/11/2018,20:15:01:687 spdLicenseAdapter: Validando a licença.
30/11/2018,20:15:01:689 spdLicense: Verificando se precisa baixar a licença: 0
30/11/2018,20:15:01:691 spdLicense: Verificando se baixou a licença hoje: -1
30/11/2018,20:15:01:692 spdLicense: Validando o arquivo.
30/11/2018,20:15:01:695 spdLicense: Verificando a hash.
30/11/2018,20:15:01:696 spdLicense: Verificando a data
30/11/2018,20:15:01:697 spdLicenseAdapter: Licença validada com sucesso.
30/11/2018,20:16:21:782 spdLicense: Verificando se precisa baixar a licença: 0
30/11/2018,20:16:21:783 spdLicenseAdapter: Tentativa 1 de 2
30/11/2018,20:16:21:783 spdLicenseAdapter: Validando a licença.
30/11/2018,20:16:21:783 spdLicense: Verificando se precisa baixar a licença: 0
30/11/2018,20:16:21:784 spdLicense: Verificando se baixou a licença hoje: -1
30/11/2018,20:16:21:785 spdLicense: Validando o arquivo.
30/11/2018,20:16:21:786 spdLicense: Verificando a hash.
30/11/2018,20:16:21:786 spdLicense: Verificando a data
30/11/2018,20:16:21:787 spdLicenseAdapter: Licença validada com sucesso.
30/11/2018,20:16:55:104 spdLicense: Verificando se precisa baixar a licença: 0
30/11/2018,20:16:55:105 spdLicenseAdapter: Tentativa 1 de 2
30/11/2018,20:16:55:106 spdLicenseAdapter: Validando a licença.
30/11/2018,20:16:55:107 spdLicense: Verificando se precisa baixar a licença: 0
30/11/2018,20:16:55:107 spdLicense: Verificando se baixou a licença hoje: -1
30/11/2018,20:16:55:108 spdLicense: Validando o arquivo.
30/11/2018,20:16:55:109 spdLicense: Verificando a hash.
30/11/2018,20:16:55:110 spdLicense: Verificando a data
30/11/2018,20:16:55:110 spdLicenseAdapter: Licença validada com sucesso.
30/11/2018,20:31:17:019 spdLicense: Verificando se precisa baixar a licença: 0
30/11/2018,20:31:17:021 spdLicenseAdapter: Tentativa 1 de 2
30/11/2018,20:31:17:021 spdLicenseAdapter: Validando a licença.
30/11/2018,20:31:17:022 spdLicense: Verificando se precisa baixar a licença: 0
30/11/2018,20:31:17:023 spdLicense: Verificando se baixou a licença hoje: -1
30/11/2018,20:31:17:023 spdLicense: Validando o arquivo.
30/11/2018,20:31:17:024 spdLicense: Verificando a hash.
30/11/2018,20:31:17:025 spdLicense: Verificando a data
30/11/2018,20:31:17:025 spdLicenseAdapter: Licença validada com sucesso.
30/11/2018,20:32:28:535 spdLicense: Verificando se precisa baixar a licença: 0
30/11/2018,20:32:28:537 spdLicenseAdapter: Tentativa 1 de 2
30/11/2018,20:32:28:538 spdLicenseAdapter: Validando a licença.
30/11/2018,20:32:28:538 spdLicense: Verificando se precisa baixar a licença: 0
30/11/2018,20:32:28:538 spdLicense: Verificando se baixou a licença hoje: -1
30/11/2018,20:32:28:539 spdLicense: Validando o arquivo.
30/11/2018,20:32:28:540 spdLicense: Verificando a hash.
30/11/2018,20:32:28:540 spdLicense: Verificando a data
30/11/2018,20:32:28:541 spdLicenseAdapter: Licença validada com sucesso.
30/11/2018,20:33:17:839 spdLicense: Verificando se precisa baixar a licença: 0
30/11/2018,20:33:17:841 spdLicenseAdapter: Tentativa 1 de 2
30/11/2018,20:33:17:841 spdLicenseAdapter: Validando a licença.
30/11/2018,20:33:17:842 spdLicense: Verificando se precisa baixar a licença: 0
30/11/2018,20:33:17:843 spdLicense: Verificando se baixou a licença hoje: -1
30/11/2018,20:33:17:843 spdLicense: Validando o arquivo.
30/11/2018,20:33:17:844 spdLicense: Verificando a hash.
30/11/2018,20:33:17:845 spdLicense: Verificando a data
30/11/2018,20:33:17:846 spdLicenseAdapter: Licença validada com sucesso.
30/11/2018,20:43:29:842 spdLicense: Verificando se precisa baixar a licença: 0
30/11/2018,20:43:29:844 spdLicenseAdapter: Tentativa 1 de 2
30/11/2018,20:43:29:844 spdLicenseAdapter: Validando a licença.
30/11/2018,20:43:29:845 spdLicense: Verificando se precisa baixar a licença: 0
30/11/2018,20:43:29:846 spdLicense: Verificando se baixou a licença hoje: -1
30/11/2018,20:43:29:846 spdLicense: Validando o arquivo.
30/11/2018,20:43:29:847 spdLicense: Verificando a hash.
30/11/2018,20:43:29:848 spdLicense: Verificando a data
30/11/2018,20:43:29:849 spdLicenseAdapter: Licença validada com sucesso.
