14/01/2019,19:29:46:838 spdLicense: Verificando se precisa baixar a licença: 0
14/01/2019,19:29:46:854 spdLicenseAdapter: Tentativa 1 de 2
14/01/2019,19:29:46:854 spdLicenseAdapter: Validando a licença.
14/01/2019,19:29:46:854 spdLicense: Verificando se precisa baixar a licença: 0
14/01/2019,19:29:46:854 spdLicense: Verificando se baixou a licença hoje: 0
14/01/2019,19:29:46:854 spdLicense: Obtendo Código.
14/01/2019,19:29:46:854 spdLicense: Código da licença não obtido. Tentando obter o código novamente.
14/01/2019,19:29:46:870 spdClienteLicense: Fazendo a requisição para o servidor com os parâmetros: CNPJ=82373077000171 
 PRODUTO=0000000053 
 VERSAO=4.1.23.5299
14/01/2019,19:29:47:088 spdClienteLicense: Verificando se o servidor retornou a licença corretamente.
14/01/2019,19:29:47:088 spdClienteLicense: Código retornado: 482641
14/01/2019,19:29:47:088 spdLicense: Código obtido: 482641
14/01/2019,19:29:47:088 spdClienteLicense: Fazendo a requisição para o servidor com os parâmetros: LICENCA=482641
14/01/2019,19:29:47:198 spdLicense: Resultado da requisição gravada no License.dat: 562=12627$$7346{}k|3MA@ZG@IÍ?@MGO.ZKM@A]^KKJ"jozk3<7!>?!<>?7"ekw3<779>;97""jozkk`majk3?:!>?!<>?7r
14/01/2019,19:29:47:213 spdLicense: Validando o arquivo.
14/01/2019,19:29:47:213 spdLicense: Verificando a hash.
14/01/2019,19:29:47:213 spdLicense: Verificando a data
14/01/2019,19:29:47:213 spdLicenseAdapter: Licença validada com sucesso.
14/01/2019,19:31:55:924 spdLicense: Verificando se precisa baixar a licença: 0
14/01/2019,19:31:55:924 spdLicenseAdapter: Tentativa 1 de 2
14/01/2019,19:31:55:924 spdLicenseAdapter: Validando a licença.
14/01/2019,19:31:55:924 spdLicense: Verificando se precisa baixar a licença: 0
14/01/2019,19:31:55:924 spdLicense: Verificando se baixou a licença hoje: -1
14/01/2019,19:31:55:924 spdLicense: Validando o arquivo.
14/01/2019,19:31:55:924 spdLicense: Verificando a hash.
14/01/2019,19:31:55:924 spdLicense: Verificando a data
14/01/2019,19:31:55:924 spdLicenseAdapter: Licença validada com sucesso.
14/01/2019,19:32:23:728 spdLicense: Verificando se precisa baixar a licença: 0
14/01/2019,19:32:23:728 spdLicenseAdapter: Tentativa 1 de 2
14/01/2019,19:32:23:728 spdLicenseAdapter: Validando a licença.
14/01/2019,19:32:23:728 spdLicense: Verificando se precisa baixar a licença: 0
14/01/2019,19:32:23:744 spdLicense: Verificando se baixou a licença hoje: -1
14/01/2019,19:32:23:744 spdLicense: Validando o arquivo.
14/01/2019,19:32:23:744 spdLicense: Verificando a hash.
14/01/2019,19:32:23:744 spdLicense: Verificando a data
14/01/2019,19:32:23:744 spdLicenseAdapter: Licença validada com sucesso.
14/01/2019,19:38:51:360 spdLicense: Verificando se precisa baixar a licença: 0
14/01/2019,19:38:51:361 spdLicenseAdapter: Tentativa 1 de 2
14/01/2019,19:38:51:362 spdLicenseAdapter: Validando a licença.
14/01/2019,19:38:51:362 spdLicense: Verificando se precisa baixar a licença: 0
14/01/2019,19:38:51:363 spdLicense: Verificando se baixou a licença hoje: -1
14/01/2019,19:38:51:363 spdLicense: Validando o arquivo.
14/01/2019,19:38:51:364 spdLicense: Verificando a hash.
14/01/2019,19:38:51:365 spdLicense: Verificando a data
14/01/2019,19:38:51:365 spdLicenseAdapter: Licença validada com sucesso.
14/01/2019,19:59:49:522 spdLicense: Verificando se precisa baixar a licença: 0
14/01/2019,19:59:49:534 spdLicenseAdapter: Tentativa 1 de 2
14/01/2019,19:59:49:535 spdLicenseAdapter: Validando a licença.
14/01/2019,19:59:49:535 spdLicense: Verificando se precisa baixar a licença: 0
14/01/2019,19:59:49:536 spdLicense: Verificando se baixou a licença hoje: -1
14/01/2019,19:59:49:537 spdLicense: Validando o arquivo.
14/01/2019,19:59:49:537 spdLicense: Verificando a hash.
14/01/2019,19:59:49:538 spdLicense: Verificando a data
14/01/2019,19:59:49:538 spdLicenseAdapter: Licença validada com sucesso.
14/01/2019,20:03:13:629 spdLicense: Verificando se precisa baixar a licença: 0
14/01/2019,20:03:13:630 spdLicenseAdapter: Tentativa 1 de 2
14/01/2019,20:03:13:631 spdLicenseAdapter: Validando a licença.
14/01/2019,20:03:13:631 spdLicense: Verificando se precisa baixar a licença: 0
14/01/2019,20:03:13:632 spdLicense: Verificando se baixou a licença hoje: -1
14/01/2019,20:03:13:632 spdLicense: Validando o arquivo.
14/01/2019,20:03:13:633 spdLicense: Verificando a hash.
14/01/2019,20:03:13:634 spdLicense: Verificando a data
14/01/2019,20:03:13:634 spdLicenseAdapter: Licença validada com sucesso.
14/01/2019,20:05:48:497 spdLicense: Verificando se precisa baixar a licença: 0
14/01/2019,20:05:48:498 spdLicenseAdapter: Tentativa 1 de 2
14/01/2019,20:05:48:499 spdLicenseAdapter: Validando a licença.
14/01/2019,20:05:48:499 spdLicense: Verificando se precisa baixar a licença: 0
14/01/2019,20:05:48:500 spdLicense: Verificando se baixou a licença hoje: -1
14/01/2019,20:05:48:501 spdLicense: Validando o arquivo.
14/01/2019,20:05:48:502 spdLicense: Verificando a hash.
14/01/2019,20:05:48:502 spdLicense: Verificando a data
14/01/2019,20:05:48:503 spdLicenseAdapter: Licença validada com sucesso.
14/01/2019,20:17:06:811 spdLicense: Verificando se precisa baixar a licença: 0
14/01/2019,20:17:06:814 spdLicenseAdapter: Tentativa 1 de 2
14/01/2019,20:17:06:815 spdLicenseAdapter: Validando a licença.
14/01/2019,20:17:06:816 spdLicense: Verificando se precisa baixar a licença: 0
14/01/2019,20:17:06:818 spdLicense: Verificando se baixou a licença hoje: -1
14/01/2019,20:17:06:819 spdLicense: Validando o arquivo.
14/01/2019,20:17:06:821 spdLicense: Verificando a hash.
14/01/2019,20:17:06:822 spdLicense: Verificando a data
14/01/2019,20:17:06:823 spdLicenseAdapter: Licença validada com sucesso.
14/01/2019,20:19:20:835 spdLicense: Verificando se precisa baixar a licença: 0
14/01/2019,20:19:20:837 spdLicenseAdapter: Tentativa 1 de 2
14/01/2019,20:19:20:838 spdLicenseAdapter: Validando a licença.
14/01/2019,20:19:20:839 spdLicense: Verificando se precisa baixar a licença: 0
14/01/2019,20:19:20:840 spdLicense: Verificando se baixou a licença hoje: -1
14/01/2019,20:19:20:841 spdLicense: Validando o arquivo.
14/01/2019,20:19:20:845 spdLicense: Verificando a hash.
14/01/2019,20:19:20:846 spdLicense: Verificando a data
14/01/2019,20:19:20:847 spdLicenseAdapter: Licença validada com sucesso.
14/01/2019,20:20:41:964 spdLicense: Verificando se precisa baixar a licença: 0
14/01/2019,20:20:41:965 spdLicenseAdapter: Tentativa 1 de 2
14/01/2019,20:20:41:966 spdLicenseAdapter: Validando a licença.
14/01/2019,20:20:41:967 spdLicense: Verificando se precisa baixar a licença: 0
14/01/2019,20:20:41:968 spdLicense: Verificando se baixou a licença hoje: -1
14/01/2019,20:20:41:969 spdLicense: Validando o arquivo.
14/01/2019,20:20:41:970 spdLicense: Verificando a hash.
14/01/2019,20:20:41:971 spdLicense: Verificando a data
14/01/2019,20:20:41:971 spdLicenseAdapter: Licença validada com sucesso.
14/01/2019,20:28:00:821 spdLicense: Verificando se precisa baixar a licença: 0
14/01/2019,20:28:00:822 spdLicenseAdapter: Tentativa 1 de 2
14/01/2019,20:28:00:822 spdLicenseAdapter: Validando a licença.
14/01/2019,20:28:00:823 spdLicense: Verificando se precisa baixar a licença: 0
14/01/2019,20:28:00:824 spdLicense: Verificando se baixou a licença hoje: -1
14/01/2019,20:28:00:824 spdLicense: Validando o arquivo.
14/01/2019,20:28:00:825 spdLicense: Verificando a hash.
14/01/2019,20:28:00:826 spdLicense: Verificando a data
14/01/2019,20:28:00:826 spdLicenseAdapter: Licença validada com sucesso.
14/01/2019,20:30:05:901 spdLicense: Verificando se precisa baixar a licença: 0
14/01/2019,20:30:05:903 spdLicenseAdapter: Tentativa 1 de 2
14/01/2019,20:30:05:903 spdLicenseAdapter: Validando a licença.
14/01/2019,20:30:05:904 spdLicense: Verificando se precisa baixar a licença: 0
14/01/2019,20:30:05:904 spdLicense: Verificando se baixou a licença hoje: -1
14/01/2019,20:30:05:905 spdLicense: Validando o arquivo.
14/01/2019,20:30:05:906 spdLicense: Verificando a hash.
14/01/2019,20:30:05:906 spdLicense: Verificando a data
14/01/2019,20:30:05:907 spdLicenseAdapter: Licença validada com sucesso.
14/01/2019,20:31:01:157 spdLicense: Verificando se precisa baixar a licença: 0
14/01/2019,20:31:01:159 spdLicenseAdapter: Tentativa 1 de 2
14/01/2019,20:31:01:159 spdLicenseAdapter: Validando a licença.
14/01/2019,20:31:01:160 spdLicense: Verificando se precisa baixar a licença: 0
14/01/2019,20:31:01:161 spdLicense: Verificando se baixou a licença hoje: -1
14/01/2019,20:31:01:161 spdLicense: Validando o arquivo.
14/01/2019,20:31:01:163 spdLicense: Verificando a hash.
14/01/2019,20:31:01:163 spdLicense: Verificando a data
14/01/2019,20:31:01:164 spdLicenseAdapter: Licença validada com sucesso.
14/01/2019,20:36:21:157 spdLicense: Verificando se precisa baixar a licença: 0
14/01/2019,20:36:21:159 spdLicenseAdapter: Tentativa 1 de 2
14/01/2019,20:36:21:159 spdLicenseAdapter: Validando a licença.
14/01/2019,20:36:21:160 spdLicense: Verificando se precisa baixar a licença: 0
14/01/2019,20:36:21:160 spdLicense: Verificando se baixou a licença hoje: -1
14/01/2019,20:36:21:161 spdLicense: Validando o arquivo.
14/01/2019,20:36:21:162 spdLicense: Verificando a hash.
14/01/2019,20:36:21:162 spdLicense: Verificando a data
14/01/2019,20:36:21:163 spdLicenseAdapter: Licença validada com sucesso.
14/01/2019,20:44:38:912 spdLicense: Verificando se precisa baixar a licença: 0
14/01/2019,20:44:38:912 spdLicenseAdapter: Tentativa 1 de 2
14/01/2019,20:44:38:928 spdLicenseAdapter: Validando a licença.
14/01/2019,20:44:38:928 spdLicense: Verificando se precisa baixar a licença: 0
14/01/2019,20:44:38:928 spdLicense: Verificando se baixou a licença hoje: -1
14/01/2019,20:44:38:928 spdLicense: Validando o arquivo.
14/01/2019,20:44:38:928 spdLicense: Verificando a hash.
14/01/2019,20:44:38:928 spdLicense: Verificando a data
14/01/2019,20:44:38:928 spdLicenseAdapter: Licença validada com sucesso.
