15/02/2019,16:52:36:217 spdLicense: Verificando se precisa baixar a licença: 0
15/02/2019,16:52:36:221 spdLicenseAdapter: Tentativa 1 de 2
15/02/2019,16:52:36:222 spdLicenseAdapter: Validando a licença.
15/02/2019,16:52:36:223 spdLicense: Verificando se precisa baixar a licença: 0
15/02/2019,16:52:36:224 spdLicense: Verificando se baixou a licença hoje: 0
15/02/2019,16:52:36:225 spdLicense: Obtendo Código.
15/02/2019,16:52:36:227 spdLicense: Código da licença não obtido. Tentando obter o código novamente.
15/02/2019,16:52:36:227 spdClienteLicense: Fazendo a requisição para o servidor com os parâmetros: CNPJ=82373077000171 
 PRODUTO=0000000053 
 VERSAO=4.1.23.5299
15/02/2019,16:52:36:495 spdClienteLicense: Verificando se o servidor retornou a licença corretamente.
15/02/2019,16:52:36:497 spdClienteLicense: Código retornado: 49594
15/02/2019,16:52:36:498 spdLicense: Código obtido: 49594
15/02/2019,16:52:36:500 spdClienteLicense: Fazendo a requisição para o servidor com os parâmetros: LICENCA=49594
15/02/2019,16:52:36:565 spdLicense: Resultado da requisição gravada no License.dat: 64235<<57=$1455f`va.QV^RGVP[3@=R?wrgv.#!<#%32;<!#"*?xvj.%32;!#%%!+%%$??wrgvv}p|wv."&<#!<!#"*o
15/02/2019,16:52:36:568 spdLicense: Validando o arquivo.
15/02/2019,16:52:36:572 spdLicense: Verificando a hash.
15/02/2019,16:52:36:574 spdLicense: Verificando a data
15/02/2019,16:52:36:577 spdLicenseAdapter: Licença validada com sucesso.
15/02/2019,16:52:40:012 spdLicense: Verificando se precisa baixar a licença: 0
15/02/2019,16:52:40:015 spdLicenseAdapter: Tentativa 1 de 2
15/02/2019,16:52:40:016 spdLicenseAdapter: Validando a licença.
15/02/2019,16:52:40:018 spdLicense: Verificando se precisa baixar a licença: 0
15/02/2019,16:52:40:020 spdLicense: Verificando se baixou a licença hoje: -1
15/02/2019,16:52:40:021 spdLicense: Validando o arquivo.
15/02/2019,16:52:40:024 spdLicense: Verificando a hash.
15/02/2019,16:52:40:025 spdLicense: Verificando a data
15/02/2019,16:52:40:026 spdLicenseAdapter: Licença validada com sucesso.
15/02/2019,19:43:05:441 spdLicense: Verificando se precisa baixar a licença: 0
15/02/2019,19:43:05:455 spdLicenseAdapter: Tentativa 1 de 2
15/02/2019,19:43:05:456 spdLicenseAdapter: Validando a licença.
15/02/2019,19:43:05:456 spdLicense: Verificando se precisa baixar a licença: 0
15/02/2019,19:43:05:457 spdLicense: Verificando se baixou a licença hoje: -1
15/02/2019,19:43:05:458 spdLicense: Validando o arquivo.
15/02/2019,19:43:05:459 spdLicense: Verificando a hash.
15/02/2019,19:43:05:460 spdLicense: Verificando a data
15/02/2019,19:43:05:460 spdLicenseAdapter: Licença validada com sucesso.
15/02/2019,19:43:28:192 spdLicense: Verificando se precisa baixar a licença: 0
15/02/2019,19:43:28:194 spdLicenseAdapter: Tentativa 1 de 2
15/02/2019,19:43:28:195 spdLicenseAdapter: Validando a licença.
15/02/2019,19:43:28:195 spdLicense: Verificando se precisa baixar a licença: 0
15/02/2019,19:43:28:196 spdLicense: Verificando se baixou a licença hoje: -1
15/02/2019,19:43:28:197 spdLicense: Validando o arquivo.
15/02/2019,19:43:28:198 spdLicense: Verificando a hash.
15/02/2019,19:43:28:198 spdLicense: Verificando a data
15/02/2019,19:43:28:199 spdLicenseAdapter: Licença validada com sucesso.
15/02/2019,19:45:00:372 spdLicense: Verificando se precisa baixar a licença: 0
15/02/2019,19:45:00:373 spdLicenseAdapter: Tentativa 1 de 2
15/02/2019,19:45:00:374 spdLicenseAdapter: Validando a licença.
15/02/2019,19:45:00:375 spdLicense: Verificando se precisa baixar a licença: 0
15/02/2019,19:45:00:375 spdLicense: Verificando se baixou a licença hoje: -1
15/02/2019,19:45:00:376 spdLicense: Validando o arquivo.
15/02/2019,19:45:00:377 spdLicense: Verificando a hash.
15/02/2019,19:45:00:378 spdLicense: Verificando a data
15/02/2019,19:45:00:378 spdLicenseAdapter: Licença validada com sucesso.
15/02/2019,19:54:23:751 spdLicense: Verificando se precisa baixar a licença: 0
15/02/2019,19:54:23:753 spdLicenseAdapter: Tentativa 1 de 2
15/02/2019,19:54:23:754 spdLicenseAdapter: Validando a licença.
15/02/2019,19:54:23:756 spdLicense: Verificando se precisa baixar a licença: 0
15/02/2019,19:54:23:757 spdLicense: Verificando se baixou a licença hoje: -1
15/02/2019,19:54:23:758 spdLicense: Validando o arquivo.
15/02/2019,19:54:23:759 spdLicense: Verificando a hash.
15/02/2019,19:54:23:760 spdLicense: Verificando a data
15/02/2019,19:54:23:760 spdLicenseAdapter: Licença validada com sucesso.
15/02/2019,20:11:55:941 spdLicense: Verificando se precisa baixar a licença: 0
15/02/2019,20:11:55:943 spdLicenseAdapter: Tentativa 1 de 2
15/02/2019,20:11:55:943 spdLicenseAdapter: Validando a licença.
15/02/2019,20:11:55:944 spdLicense: Verificando se precisa baixar a licença: 0
15/02/2019,20:11:55:945 spdLicense: Verificando se baixou a licença hoje: -1
15/02/2019,20:11:55:945 spdLicense: Validando o arquivo.
15/02/2019,20:11:55:946 spdLicense: Verificando a hash.
15/02/2019,20:11:55:947 spdLicense: Verificando a data
15/02/2019,20:11:55:947 spdLicenseAdapter: Licença validada com sucesso.
15/02/2019,20:29:59:371 spdLicense: Verificando se precisa baixar a licença: 0
15/02/2019,20:29:59:372 spdLicenseAdapter: Tentativa 1 de 2
15/02/2019,20:29:59:373 spdLicenseAdapter: Validando a licença.
15/02/2019,20:29:59:373 spdLicense: Verificando se precisa baixar a licença: 0
15/02/2019,20:29:59:374 spdLicense: Verificando se baixou a licença hoje: -1
15/02/2019,20:29:59:375 spdLicense: Validando o arquivo.
15/02/2019,20:29:59:376 spdLicense: Verificando a hash.
15/02/2019,20:29:59:376 spdLicense: Verificando a data
15/02/2019,20:29:59:377 spdLicenseAdapter: Licença validada com sucesso.
15/02/2019,20:31:39:231 spdLicense: Verificando se precisa baixar a licença: 0
15/02/2019,20:31:39:233 spdLicenseAdapter: Tentativa 1 de 2
15/02/2019,20:31:39:233 spdLicenseAdapter: Validando a licença.
15/02/2019,20:31:39:234 spdLicense: Verificando se precisa baixar a licença: 0
15/02/2019,20:31:39:234 spdLicense: Verificando se baixou a licença hoje: -1
15/02/2019,20:31:39:235 spdLicense: Validando o arquivo.
15/02/2019,20:31:39:236 spdLicense: Verificando a hash.
15/02/2019,20:31:39:236 spdLicense: Verificando a data
15/02/2019,20:31:39:237 spdLicenseAdapter: Licença validada com sucesso.
15/02/2019,20:42:49:749 spdLicense: Verificando se precisa baixar a licença: 0
15/02/2019,20:42:49:750 spdLicenseAdapter: Tentativa 1 de 2
15/02/2019,20:42:49:750 spdLicenseAdapter: Validando a licença.
15/02/2019,20:42:49:751 spdLicense: Verificando se precisa baixar a licença: 0
15/02/2019,20:42:49:752 spdLicense: Verificando se baixou a licença hoje: -1
15/02/2019,20:42:49:752 spdLicense: Validando o arquivo.
15/02/2019,20:42:49:753 spdLicense: Verificando a hash.
15/02/2019,20:42:49:754 spdLicense: Verificando a data
15/02/2019,20:42:49:755 spdLicenseAdapter: Licença validada com sucesso.
15/02/2019,20:57:31:878 spdLicense: Verificando se precisa baixar a licença: 0
15/02/2019,20:57:31:879 spdLicenseAdapter: Tentativa 1 de 2
15/02/2019,20:57:31:880 spdLicenseAdapter: Validando a licença.
15/02/2019,20:57:31:880 spdLicense: Verificando se precisa baixar a licença: 0
15/02/2019,20:57:31:881 spdLicense: Verificando se baixou a licença hoje: -1
15/02/2019,20:57:31:881 spdLicense: Validando o arquivo.
15/02/2019,20:57:31:882 spdLicense: Verificando a hash.
15/02/2019,20:57:31:883 spdLicense: Verificando a data
15/02/2019,20:57:31:883 spdLicenseAdapter: Licença validada com sucesso.
15/02/2019,21:08:12:606 spdLicense: Verificando se precisa baixar a licença: 0
15/02/2019,21:08:12:607 spdLicenseAdapter: Tentativa 1 de 2
15/02/2019,21:08:12:608 spdLicenseAdapter: Validando a licença.
15/02/2019,21:08:12:608 spdLicense: Verificando se precisa baixar a licença: 0
15/02/2019,21:08:12:609 spdLicense: Verificando se baixou a licença hoje: -1
15/02/2019,21:08:12:609 spdLicense: Validando o arquivo.
15/02/2019,21:08:12:610 spdLicense: Verificando a hash.
15/02/2019,21:08:12:611 spdLicense: Verificando a data
15/02/2019,21:08:12:611 spdLicenseAdapter: Licença validada com sucesso.
15/02/2019,21:13:46:120 spdLicense: Verificando se precisa baixar a licença: 0
15/02/2019,21:13:46:121 spdLicenseAdapter: Tentativa 1 de 2
15/02/2019,21:13:46:122 spdLicenseAdapter: Validando a licença.
15/02/2019,21:13:46:122 spdLicense: Verificando se precisa baixar a licença: 0
15/02/2019,21:13:46:123 spdLicense: Verificando se baixou a licença hoje: -1
15/02/2019,21:13:46:124 spdLicense: Validando o arquivo.
15/02/2019,21:13:46:125 spdLicense: Verificando a hash.
15/02/2019,21:13:46:125 spdLicense: Verificando a data
15/02/2019,21:13:46:126 spdLicenseAdapter: Licença validada com sucesso.
15/02/2019,21:16:20:477 spdLicense: Verificando se precisa baixar a licença: 0
15/02/2019,21:16:20:480 spdLicenseAdapter: Tentativa 1 de 2
15/02/2019,21:16:20:481 spdLicenseAdapter: Validando a licença.
15/02/2019,21:16:20:483 spdLicense: Verificando se precisa baixar a licença: 0
15/02/2019,21:16:20:484 spdLicense: Verificando se baixou a licença hoje: -1
15/02/2019,21:16:20:486 spdLicense: Validando o arquivo.
15/02/2019,21:16:20:488 spdLicense: Verificando a hash.
15/02/2019,21:16:20:488 spdLicense: Verificando a data
15/02/2019,21:16:20:489 spdLicenseAdapter: Licença validada com sucesso.
15/02/2019,21:24:28:035 spdLicense: Verificando se precisa baixar a licença: 0
15/02/2019,21:24:28:036 spdLicenseAdapter: Tentativa 1 de 2
15/02/2019,21:24:28:036 spdLicenseAdapter: Validando a licença.
15/02/2019,21:24:28:037 spdLicense: Verificando se precisa baixar a licença: 0
15/02/2019,21:24:28:038 spdLicense: Verificando se baixou a licença hoje: -1
15/02/2019,21:24:28:038 spdLicense: Validando o arquivo.
15/02/2019,21:24:28:039 spdLicense: Verificando a hash.
15/02/2019,21:24:28:040 spdLicense: Verificando a data
15/02/2019,21:24:28:041 spdLicenseAdapter: Licença validada com sucesso.
