[29/11/2018 15:22:27:964] 2384 - EspdCFeSatDataSetCampoNaoPreenchidoException : O Campo [xProd_I04] referente a [Descricao do Produto ou Servico] deve ser preenchido.
Dica: 
[29/11/2018 15:26:50:823] 7560 - EspdCFeSatConteudoInvalidoException : Conteúdo 3 é inválido para o campo cMP_WA03 [Código do Meio de Pagamento empregado para quitação do CF-e].
Dica: 01-Dinheiro/02-Cheque/03-Cartão de Crédito/04-Cartão de Débito/05-Crédito Loja/10-Vale Alimentação/11-Vale Refeição/12-Vale Presente/13-Vale Combustível/99 – Outros
[29/11/2018 15:28:51:065] 15844 - EspdCFeSatConteudoInvalidoException : Conteúdo 0 é inválido para o campo cMP_WA03 [Código do Meio de Pagamento empregado para quitação do CF-e].
Dica: 01-Dinheiro/02-Cheque/03-Cartão de Crédito/04-Cartão de Débito/05-Crédito Loja/10-Vale Alimentação/11-Vale Refeição/12-Vale Presente/13-Vale Combustível/99 – Outros
[04/12/2018 19:01:13:860] 15440 - EspdCFeSatDataSetCampoNaoPreenchidoException : O Campo [CFOP_I06] referente a [Codigo Fiscal de Operacos e Prestacoes] deve ser preenchido.
Dica: 
[15/01/2019 21:57:53:773] 13544 - EspdCFeSatDataSetCampoNaoPreenchidoException : O Campo [CFOP_I06] referente a [Codigo Fiscal de Operacos e Prestacoes] deve ser preenchido.
Dica: 
[16/01/2019 18:29:20:154] 12212 - EspdCFeSatDataSetCampoNaoPreenchidoException : O Campo [CFOP_I06] referente a [Codigo Fiscal de Operacos e Prestacoes] deve ser preenchido.
Dica: 
[16/01/2019 19:26:02:224] 2612 - EspdCFeSatDataSetCampoNaoPreenchidoException : O Campo [CFOP_I06] referente a [Codigo Fiscal de Operacos e Prestacoes] deve ser preenchido.
Dica: 
[15/02/2019 20:10:07:231] 17760 - EspdCFeSatDataSetCampoNaoPreenchidoException : O Campo [cMP_WA03] referente a [Código do Meio de Pagamento empregado para quitação do CF-e] deve ser preenchido.
Dica: 01-Dinheiro/02-Cheque/03-Cartão de Crédito/04-Cartão de Débito/05-Crédito Loja/10-Vale Alimentação/11-Vale Refeição/12-Vale Presente/13-Vale Combustível/99 – Outros
[15/02/2019 20:10:09:012] 17760 - EspdCFeSatDataSetCampoNaoPreenchidoException : O Campo [cMP_WA03] referente a [Código do Meio de Pagamento empregado para quitação do CF-e] deve ser preenchido.
Dica: 01-Dinheiro/02-Cheque/03-Cartão de Crédito/04-Cartão de Débito/05-Crédito Loja/10-Vale Alimentação/11-Vale Refeição/12-Vale Presente/13-Vale Combustível/99 – Outros
[15/02/2019 20:10:11:096] 17760 - EspdCFeSatDataSetCampoNaoPreenchidoException : O Campo [cMP_WA03] referente a [Código do Meio de Pagamento empregado para quitação do CF-e] deve ser preenchido.
Dica: 01-Dinheiro/02-Cheque/03-Cartão de Crédito/04-Cartão de Débito/05-Crédito Loja/10-Vale Alimentação/11-Vale Refeição/12-Vale Presente/13-Vale Combustível/99 – Outros
[15/02/2019 20:10:13:108] 17760 - EspdCFeSatDataSetCampoNaoPreenchidoException : O Campo [cMP_WA03] referente a [Código do Meio de Pagamento empregado para quitação do CF-e] deve ser preenchido.
Dica: 01-Dinheiro/02-Cheque/03-Cartão de Crédito/04-Cartão de Débito/05-Crédito Loja/10-Vale Alimentação/11-Vale Refeição/12-Vale Presente/13-Vale Combustível/99 – Outros
[15/02/2019 20:43:05:958] 5460 - EspdCFeSatDataSetCampoNaoPreenchidoException : O Campo [cMP_WA03] referente a [Código do Meio de Pagamento empregado para quitação do CF-e] deve ser preenchido.
Dica: 01-Dinheiro/02-Cheque/03-Cartão de Crédito/04-Cartão de Débito/05-Crédito Loja/10-Vale Alimentação/11-Vale Refeição/12-Vale Presente/13-Vale Combustível/99 – Outros
[15/02/2019 21:09:39:026] 3276 - EspdCFeSatDataSetCampoNaoPreenchidoException : O Campo [cMP_WA03] referente a [Código do Meio de Pagamento empregado para quitação do CF-e] deve ser preenchido.
Dica: 01-Dinheiro/02-Cheque/03-Cartão de Crédito/04-Cartão de Débito/05-Crédito Loja/10-Vale Alimentação/11-Vale Refeição/12-Vale Presente/13-Vale Combustível/99 – Outros
[15/02/2019 21:11:30:300] 9340 - EspdCFeSatDataSetCampoNaoPreenchidoException : O Campo [cMP_WA03] referente a [Código do Meio de Pagamento empregado para quitação do CF-e] deve ser preenchido.
Dica: 01-Dinheiro/02-Cheque/03-Cartão de Crédito/04-Cartão de Débito/05-Crédito Loja/10-Vale Alimentação/11-Vale Refeição/12-Vale Presente/13-Vale Combustível/99 – Outros
[18/02/2019 13:56:08:504] 5368 - EspdCFeSatDataSetCampoNaoPreenchidoException : O Campo [cMP_WA03] referente a [Código do Meio de Pagamento empregado para quitação do CF-e] deve ser preenchido.
Dica: 01-Dinheiro/02-Cheque/03-Cartão de Crédito/04-Cartão de Débito/05-Crédito Loja/10-Vale Alimentação/11-Vale Refeição/12-Vale Presente/13-Vale Combustível/99 – Outros
[18/02/2019 14:00:35:111] 14500 - EspdCFeSatDataSetCampoNaoPreenchidoException : O Campo [cMP_WA03] referente a [Código do Meio de Pagamento empregado para quitação do CF-e] deve ser preenchido.
Dica: 01-Dinheiro/02-Cheque/03-Cartão de Crédito/04-Cartão de Débito/05-Crédito Loja/10-Vale Alimentação/11-Vale Refeição/12-Vale Presente/13-Vale Combustível/99 – Outros
[18/02/2019 14:03:54:723] 8264 - EspdCFeSatDataSetCampoNaoPreenchidoException : O Campo [cMP_WA03] referente a [Código do Meio de Pagamento empregado para quitação do CF-e] deve ser preenchido.
Dica: 01-Dinheiro/02-Cheque/03-Cartão de Crédito/04-Cartão de Débito/05-Crédito Loja/10-Vale Alimentação/11-Vale Refeição/12-Vale Presente/13-Vale Combustível/99 – Outros
[18/02/2019 14:10:24:882] 13936 - EspdCFeSatDataSetCampoNaoPreenchidoException : O Campo [cMP_WA03] referente a [Código do Meio de Pagamento empregado para quitação do CF-e] deve ser preenchido.
Dica: 01-Dinheiro/02-Cheque/03-Cartão de Crédito/04-Cartão de Débito/05-Crédito Loja/10-Vale Alimentação/11-Vale Refeição/12-Vale Presente/13-Vale Combustível/99 – Outros
[18/02/2019 14:50:20:607] 14504 - EspdCFeSatDataSetCampoNaoPreenchidoException : O Campo [cMP_WA03] referente a [Código do Meio de Pagamento empregado para quitação do CF-e] deve ser preenchido.
Dica: 01-Dinheiro/02-Cheque/03-Cartão de Crédito/04-Cartão de Débito/05-Crédito Loja/10-Vale Alimentação/11-Vale Refeição/12-Vale Presente/13-Vale Combustível/99 – Outros
[18/02/2019 14:52:13:221] 14504 - EspdCFeSatDataSetCampoNaoPreenchidoException : O Campo [cMP_WA03] referente a [Código do Meio de Pagamento empregado para quitação do CF-e] deve ser preenchido.
Dica: 01-Dinheiro/02-Cheque/03-Cartão de Crédito/04-Cartão de Débito/05-Crédito Loja/10-Vale Alimentação/11-Vale Refeição/12-Vale Presente/13-Vale Combustível/99 – Outros
[18/02/2019 14:53:05:733] 14504 - EspdCFeSatDataSetCampoNaoPreenchidoException : O Campo [cMP_WA03] referente a [Código do Meio de Pagamento empregado para quitação do CF-e] deve ser preenchido.
Dica: 01-Dinheiro/02-Cheque/03-Cartão de Crédito/04-Cartão de Débito/05-Crédito Loja/10-Vale Alimentação/11-Vale Refeição/12-Vale Presente/13-Vale Combustível/99 – Outros
[18/02/2019 14:55:08:855] 17444 - EspdCFeSatDataSetCampoNaoPreenchidoException : O Campo [cMP_WA03] referente a [Código do Meio de Pagamento empregado para quitação do CF-e] deve ser preenchido.
Dica: 01-Dinheiro/02-Cheque/03-Cartão de Crédito/04-Cartão de Débito/05-Crédito Loja/10-Vale Alimentação/11-Vale Refeição/12-Vale Presente/13-Vale Combustível/99 – Outros
[18/02/2019 15:53:07:058] 18652 - EspdCFeSatDataSetCampoNaoPreenchidoException : O Campo [cMP_WA03] referente a [Código do Meio de Pagamento empregado para quitação do CF-e] deve ser preenchido.
Dica: 01-Dinheiro/02-Cheque/03-Cartão de Crédito/04-Cartão de Débito/05-Crédito Loja/10-Vale Alimentação/11-Vale Refeição/12-Vale Presente/13-Vale Combustível/99 – Outros
