28/01/2019,14:53:40:268 spdLicense: Verificando se precisa baixar a licença: 0
28/01/2019,14:53:40:276 spdLicenseAdapter: Tentativa 1 de 2
28/01/2019,14:53:40:277 spdLicenseAdapter: Validando a licença.
28/01/2019,14:53:40:278 spdLicense: Verificando se precisa baixar a licença: 0
28/01/2019,14:53:40:279 spdLicense: Verificando se baixou a licença hoje: 0
28/01/2019,14:53:40:280 spdLicense: Obtendo Código.
28/01/2019,14:53:40:281 spdLicense: Código da licença não obtido. Tentando obter o código novamente.
28/01/2019,14:53:40:282 spdClienteLicense: Fazendo a requisição para o servidor com os parâmetros: CNPJ=82373077000171 
 PRODUTO=0000000053 
 VERSAO=4.1.23.5299
28/01/2019,14:53:40:416 spdClienteLicense: Verificando se o servidor retornou a licença corretamente.
28/01/2019,14:53:40:419 spdClienteLicense: Código retornado: 49594
28/01/2019,14:53:40:421 spdLicense: Código obtido: 49594
28/01/2019,14:53:40:423 spdClienteLicense: Fazendo a requisição para o servidor com os parâmetros: LICENCA=49594
28/01/2019,14:53:40:471 spdLicense: Resultado da requisição gravada no License.dat: 5054<444=2$7744yi~1NIAMXIOD,_"M%32;hmxi1=>#<>#><=5%32;giu1?=<=4?4;%32;%32;hmxiibochi1>4#<=#><=5p
28/01/2019,14:53:40:474 spdLicense: Validando o arquivo.
28/01/2019,14:53:40:478 spdLicense: Verificando a hash.
28/01/2019,14:53:40:480 spdLicense: Verificando a data
28/01/2019,14:53:40:483 spdLicenseAdapter: Licença validada com sucesso.
28/01/2019,16:02:03:318 spdLicense: Verificando se precisa baixar a licença: 0
28/01/2019,16:02:03:322 spdLicenseAdapter: Tentativa 1 de 2
28/01/2019,16:02:03:322 spdLicenseAdapter: Validando a licença.
28/01/2019,16:02:03:322 spdLicense: Verificando se precisa baixar a licença: 0
28/01/2019,16:02:03:323 spdLicense: Verificando se baixou a licença hoje: -1
28/01/2019,16:02:03:324 spdLicense: Validando o arquivo.
28/01/2019,16:02:03:325 spdLicense: Verificando a hash.
28/01/2019,16:02:03:325 spdLicense: Verificando a data
28/01/2019,16:02:03:326 spdLicenseAdapter: Licença validada com sucesso.
28/01/2019,16:02:06:797 spdLicense: Verificando se precisa baixar a licença: 0
28/01/2019,16:02:06:798 spdLicenseAdapter: Tentativa 1 de 2
28/01/2019,16:02:06:799 spdLicenseAdapter: Validando a licença.
28/01/2019,16:02:06:799 spdLicense: Verificando se precisa baixar a licença: 0
28/01/2019,16:02:06:800 spdLicense: Verificando se baixou a licença hoje: -1
28/01/2019,16:02:06:801 spdLicense: Validando o arquivo.
28/01/2019,16:02:06:802 spdLicense: Verificando a hash.
28/01/2019,16:02:06:802 spdLicense: Verificando a data
28/01/2019,16:02:06:803 spdLicenseAdapter: Licença validada com sucesso.
28/01/2019,16:23:07:573 spdLicense: Verificando se precisa baixar a licença: 0
28/01/2019,16:23:07:591 spdLicenseAdapter: Tentativa 1 de 2
28/01/2019,16:23:07:592 spdLicenseAdapter: Validando a licença.
28/01/2019,16:23:07:593 spdLicense: Verificando se precisa baixar a licença: 0
28/01/2019,16:23:07:594 spdLicense: Verificando se baixou a licença hoje: -1
28/01/2019,16:23:07:595 spdLicense: Validando o arquivo.
28/01/2019,16:23:07:597 spdLicense: Verificando a hash.
28/01/2019,16:23:07:598 spdLicense: Verificando a data
28/01/2019,16:23:07:599 spdLicenseAdapter: Licença validada com sucesso.
28/01/2019,16:23:10:067 spdLicense: Verificando se precisa baixar a licença: 0
28/01/2019,16:23:10:068 spdLicenseAdapter: Tentativa 1 de 2
28/01/2019,16:23:10:068 spdLicenseAdapter: Validando a licença.
28/01/2019,16:23:10:069 spdLicense: Verificando se precisa baixar a licença: 0
28/01/2019,16:23:10:070 spdLicense: Verificando se baixou a licença hoje: -1
28/01/2019,16:23:10:070 spdLicense: Validando o arquivo.
28/01/2019,16:23:10:071 spdLicense: Verificando a hash.
28/01/2019,16:23:10:072 spdLicense: Verificando a data
28/01/2019,16:23:10:072 spdLicenseAdapter: Licença validada com sucesso.
28/01/2019,16:23:52:537 spdLicense: Verificando se precisa baixar a licença: 0
28/01/2019,16:23:52:538 spdLicenseAdapter: Tentativa 1 de 2
28/01/2019,16:23:52:538 spdLicenseAdapter: Validando a licença.
28/01/2019,16:23:52:539 spdLicense: Verificando se precisa baixar a licença: 0
28/01/2019,16:23:52:540 spdLicense: Verificando se baixou a licença hoje: -1
28/01/2019,16:23:52:540 spdLicense: Validando o arquivo.
28/01/2019,16:23:52:541 spdLicense: Verificando a hash.
28/01/2019,16:23:52:542 spdLicense: Verificando a data
28/01/2019,16:23:52:542 spdLicenseAdapter: Licença validada com sucesso.
28/01/2019,16:24:13:828 spdLicense: Verificando se precisa baixar a licença: 0
28/01/2019,16:24:13:829 spdLicenseAdapter: Tentativa 1 de 2
28/01/2019,16:24:13:830 spdLicenseAdapter: Validando a licença.
28/01/2019,16:24:13:830 spdLicense: Verificando se precisa baixar a licença: 0
28/01/2019,16:24:13:831 spdLicense: Verificando se baixou a licença hoje: -1
28/01/2019,16:24:13:831 spdLicense: Validando o arquivo.
28/01/2019,16:24:13:832 spdLicense: Verificando a hash.
28/01/2019,16:24:13:833 spdLicense: Verificando a data
28/01/2019,16:24:13:833 spdLicenseAdapter: Licença validada com sucesso.
28/01/2019,16:30:21:624 spdLicense: Verificando se precisa baixar a licença: 0
28/01/2019,16:30:21:626 spdLicenseAdapter: Tentativa 1 de 2
28/01/2019,16:30:21:626 spdLicenseAdapter: Validando a licença.
28/01/2019,16:30:21:627 spdLicense: Verificando se precisa baixar a licença: 0
28/01/2019,16:30:21:627 spdLicense: Verificando se baixou a licença hoje: -1
28/01/2019,16:30:21:628 spdLicense: Validando o arquivo.
28/01/2019,16:30:21:629 spdLicense: Verificando a hash.
28/01/2019,16:30:21:629 spdLicense: Verificando a data
28/01/2019,16:30:21:630 spdLicenseAdapter: Licença validada com sucesso.
28/01/2019,16:32:53:327 spdLicense: Verificando se precisa baixar a licença: 0
28/01/2019,16:32:53:328 spdLicenseAdapter: Tentativa 1 de 2
28/01/2019,16:32:53:328 spdLicenseAdapter: Validando a licença.
28/01/2019,16:32:53:329 spdLicense: Verificando se precisa baixar a licença: 0
28/01/2019,16:32:53:330 spdLicense: Verificando se baixou a licença hoje: -1
28/01/2019,16:32:53:330 spdLicense: Validando o arquivo.
28/01/2019,16:32:53:331 spdLicense: Verificando a hash.
28/01/2019,16:32:53:331 spdLicense: Verificando a data
28/01/2019,16:32:53:332 spdLicenseAdapter: Licença validada com sucesso.
28/01/2019,16:34:59:485 spdLicense: Verificando se precisa baixar a licença: 0
28/01/2019,16:34:59:487 spdLicenseAdapter: Tentativa 1 de 2
28/01/2019,16:34:59:487 spdLicenseAdapter: Validando a licença.
28/01/2019,16:34:59:488 spdLicense: Verificando se precisa baixar a licença: 0
28/01/2019,16:34:59:489 spdLicense: Verificando se baixou a licença hoje: -1
28/01/2019,16:34:59:489 spdLicense: Validando o arquivo.
28/01/2019,16:34:59:491 spdLicense: Verificando a hash.
28/01/2019,16:34:59:491 spdLicense: Verificando a data
28/01/2019,16:34:59:492 spdLicenseAdapter: Licença validada com sucesso.
28/01/2019,16:37:52:462 spdLicense: Verificando se precisa baixar a licença: 0
28/01/2019,16:37:52:463 spdLicenseAdapter: Tentativa 1 de 2
28/01/2019,16:37:52:463 spdLicenseAdapter: Validando a licença.
28/01/2019,16:37:52:464 spdLicense: Verificando se precisa baixar a licença: 0
28/01/2019,16:37:52:465 spdLicense: Verificando se baixou a licença hoje: -1
28/01/2019,16:37:52:465 spdLicense: Validando o arquivo.
28/01/2019,16:37:52:466 spdLicense: Verificando a hash.
28/01/2019,16:37:52:466 spdLicense: Verificando a data
28/01/2019,16:37:52:467 spdLicenseAdapter: Licença validada com sucesso.
28/01/2019,16:41:10:911 spdLicense: Verificando se precisa baixar a licença: 0
28/01/2019,16:41:10:912 spdLicenseAdapter: Tentativa 1 de 2
28/01/2019,16:41:10:913 spdLicenseAdapter: Validando a licença.
28/01/2019,16:41:10:913 spdLicense: Verificando se precisa baixar a licença: 0
28/01/2019,16:41:10:914 spdLicense: Verificando se baixou a licença hoje: -1
28/01/2019,16:41:10:914 spdLicense: Validando o arquivo.
28/01/2019,16:41:10:915 spdLicense: Verificando a hash.
28/01/2019,16:41:10:916 spdLicense: Verificando a data
28/01/2019,16:41:10:916 spdLicenseAdapter: Licença validada com sucesso.
28/01/2019,19:16:08:718 spdLicense: Verificando se precisa baixar a licença: 0
28/01/2019,19:16:08:719 spdLicenseAdapter: Tentativa 1 de 2
28/01/2019,19:16:08:720 spdLicenseAdapter: Validando a licença.
28/01/2019,19:16:08:721 spdLicense: Verificando se precisa baixar a licença: 0
28/01/2019,19:16:08:721 spdLicense: Verificando se baixou a licença hoje: -1
28/01/2019,19:16:08:722 spdLicense: Validando o arquivo.
28/01/2019,19:16:08:723 spdLicense: Verificando a hash.
28/01/2019,19:16:08:723 spdLicense: Verificando a data
28/01/2019,19:16:08:724 spdLicenseAdapter: Licença validada com sucesso.
28/01/2019,19:36:21:742 spdLicense: Verificando se precisa baixar a licença: 0
28/01/2019,19:36:21:757 spdLicenseAdapter: Tentativa 1 de 2
28/01/2019,19:36:21:757 spdLicenseAdapter: Validando a licença.
28/01/2019,19:36:21:757 spdLicense: Verificando se precisa baixar a licença: 0
28/01/2019,19:36:21:757 spdLicense: Verificando se baixou a licença hoje: -1
28/01/2019,19:36:21:757 spdLicense: Validando o arquivo.
28/01/2019,19:36:21:757 spdLicense: Verificando a hash.
28/01/2019,19:36:21:757 spdLicense: Verificando a data
28/01/2019,19:36:21:773 spdLicenseAdapter: Licença validada com sucesso.
28/01/2019,19:36:49:670 spdLicense: Verificando se precisa baixar a licença: 0
28/01/2019,19:36:49:670 spdLicenseAdapter: Tentativa 1 de 2
28/01/2019,19:36:49:686 spdLicenseAdapter: Validando a licença.
28/01/2019,19:36:49:686 spdLicense: Verificando se precisa baixar a licença: 0
28/01/2019,19:36:49:686 spdLicense: Verificando se baixou a licença hoje: -1
28/01/2019,19:36:49:686 spdLicense: Validando o arquivo.
28/01/2019,19:36:49:686 spdLicense: Verificando a hash.
28/01/2019,19:36:49:686 spdLicense: Verificando a data
28/01/2019,19:36:49:686 spdLicenseAdapter: Licença validada com sucesso.
28/01/2019,19:50:03:656 spdLicense: Verificando se precisa baixar a licença: 0
28/01/2019,19:50:03:656 spdLicenseAdapter: Tentativa 1 de 2
28/01/2019,19:50:03:657 spdLicenseAdapter: Validando a licença.
28/01/2019,19:50:03:657 spdLicense: Verificando se precisa baixar a licença: 0
28/01/2019,19:50:03:659 spdLicense: Verificando se baixou a licença hoje: -1
28/01/2019,19:50:03:659 spdLicense: Validando o arquivo.
28/01/2019,19:50:03:661 spdLicense: Verificando a hash.
28/01/2019,19:50:03:661 spdLicense: Verificando a data
28/01/2019,19:50:03:662 spdLicenseAdapter: Licença validada com sucesso.
28/01/2019,19:50:46:914 spdLicense: Verificando se precisa baixar a licença: 0
28/01/2019,19:50:46:915 spdLicenseAdapter: Tentativa 1 de 2
28/01/2019,19:50:46:915 spdLicenseAdapter: Validando a licença.
28/01/2019,19:50:46:916 spdLicense: Verificando se precisa baixar a licença: 0
28/01/2019,19:50:46:917 spdLicense: Verificando se baixou a licença hoje: -1
28/01/2019,19:50:46:917 spdLicense: Validando o arquivo.
28/01/2019,19:50:46:918 spdLicense: Verificando a hash.
28/01/2019,19:50:46:919 spdLicense: Verificando a data
28/01/2019,19:50:46:919 spdLicenseAdapter: Licença validada com sucesso.
28/01/2019,19:51:40:454 spdLicense: Verificando se precisa baixar a licença: 0
28/01/2019,19:51:40:455 spdLicenseAdapter: Tentativa 1 de 2
28/01/2019,19:51:40:455 spdLicenseAdapter: Validando a licença.
28/01/2019,19:51:40:456 spdLicense: Verificando se precisa baixar a licença: 0
28/01/2019,19:51:40:457 spdLicense: Verificando se baixou a licença hoje: -1
28/01/2019,19:51:40:457 spdLicense: Validando o arquivo.
28/01/2019,19:51:40:458 spdLicense: Verificando a hash.
28/01/2019,19:51:40:459 spdLicense: Verificando a data
28/01/2019,19:51:40:459 spdLicenseAdapter: Licença validada com sucesso.
28/01/2019,19:52:41:957 spdLicense: Verificando se precisa baixar a licença: 0
28/01/2019,19:52:41:958 spdLicenseAdapter: Tentativa 1 de 2
28/01/2019,19:52:41:959 spdLicenseAdapter: Validando a licença.
28/01/2019,19:52:41:959 spdLicense: Verificando se precisa baixar a licença: 0
28/01/2019,19:52:41:960 spdLicense: Verificando se baixou a licença hoje: -1
28/01/2019,19:52:41:960 spdLicense: Validando o arquivo.
28/01/2019,19:52:41:961 spdLicense: Verificando a hash.
28/01/2019,19:52:41:962 spdLicense: Verificando a data
28/01/2019,19:52:41:962 spdLicenseAdapter: Licença validada com sucesso.
28/01/2019,19:54:08:732 spdLicense: Verificando se precisa baixar a licença: 0
28/01/2019,19:54:08:733 spdLicenseAdapter: Tentativa 1 de 2
28/01/2019,19:54:08:734 spdLicenseAdapter: Validando a licença.
28/01/2019,19:54:08:734 spdLicense: Verificando se precisa baixar a licença: 0
28/01/2019,19:54:08:735 spdLicense: Verificando se baixou a licença hoje: -1
28/01/2019,19:54:08:735 spdLicense: Validando o arquivo.
28/01/2019,19:54:08:736 spdLicense: Verificando a hash.
28/01/2019,19:54:08:737 spdLicense: Verificando a data
28/01/2019,19:54:08:737 spdLicenseAdapter: Licença validada com sucesso.
28/01/2019,20:03:10:157 spdLicense: Verificando se precisa baixar a licença: 0
28/01/2019,20:03:10:158 spdLicenseAdapter: Tentativa 1 de 2
28/01/2019,20:03:10:158 spdLicenseAdapter: Validando a licença.
28/01/2019,20:03:10:159 spdLicense: Verificando se precisa baixar a licença: 0
28/01/2019,20:03:10:160 spdLicense: Verificando se baixou a licença hoje: -1
28/01/2019,20:03:10:160 spdLicense: Validando o arquivo.
28/01/2019,20:03:10:161 spdLicense: Verificando a hash.
28/01/2019,20:03:10:162 spdLicense: Verificando a data
28/01/2019,20:03:10:162 spdLicenseAdapter: Licença validada com sucesso.
28/01/2019,20:04:12:096 spdLicense: Verificando se precisa baixar a licença: 0
28/01/2019,20:04:12:098 spdLicenseAdapter: Tentativa 1 de 2
28/01/2019,20:04:12:098 spdLicenseAdapter: Validando a licença.
28/01/2019,20:04:12:099 spdLicense: Verificando se precisa baixar a licença: 0
28/01/2019,20:04:12:099 spdLicense: Verificando se baixou a licença hoje: -1
28/01/2019,20:04:12:100 spdLicense: Validando o arquivo.
28/01/2019,20:04:12:101 spdLicense: Verificando a hash.
28/01/2019,20:04:12:101 spdLicense: Verificando a data
28/01/2019,20:04:12:102 spdLicenseAdapter: Licença validada com sucesso.
28/01/2019,20:09:13:502 spdLicense: Verificando se precisa baixar a licença: 0
28/01/2019,20:09:13:503 spdLicenseAdapter: Tentativa 1 de 2
28/01/2019,20:09:13:504 spdLicenseAdapter: Validando a licença.
28/01/2019,20:09:13:504 spdLicense: Verificando se precisa baixar a licença: 0
28/01/2019,20:09:13:505 spdLicense: Verificando se baixou a licença hoje: -1
28/01/2019,20:09:13:506 spdLicense: Validando o arquivo.
28/01/2019,20:09:13:507 spdLicense: Verificando a hash.
28/01/2019,20:09:13:507 spdLicense: Verificando a data
28/01/2019,20:09:13:507 spdLicenseAdapter: Licença validada com sucesso.
28/01/2019,20:12:53:793 spdLicense: Verificando se precisa baixar a licença: 0
28/01/2019,20:12:53:795 spdLicenseAdapter: Tentativa 1 de 2
28/01/2019,20:12:53:795 spdLicenseAdapter: Validando a licença.
28/01/2019,20:12:53:796 spdLicense: Verificando se precisa baixar a licença: 0
28/01/2019,20:12:53:796 spdLicense: Verificando se baixou a licença hoje: -1
28/01/2019,20:12:53:797 spdLicense: Validando o arquivo.
28/01/2019,20:12:53:798 spdLicense: Verificando a hash.
28/01/2019,20:12:53:798 spdLicense: Verificando a data
28/01/2019,20:12:53:799 spdLicenseAdapter: Licença validada com sucesso.
28/01/2019,20:16:54:371 spdLicense: Verificando se precisa baixar a licença: 0
28/01/2019,20:16:54:374 spdLicenseAdapter: Tentativa 1 de 2
28/01/2019,20:16:54:375 spdLicenseAdapter: Validando a licença.
28/01/2019,20:16:54:376 spdLicense: Verificando se precisa baixar a licença: 0
28/01/2019,20:16:54:378 spdLicense: Verificando se baixou a licença hoje: -1
28/01/2019,20:16:54:379 spdLicense: Validando o arquivo.
28/01/2019,20:16:54:381 spdLicense: Verificando a hash.
28/01/2019,20:16:54:381 spdLicense: Verificando a data
28/01/2019,20:16:54:382 spdLicenseAdapter: Licença validada com sucesso.
